android/app/build/intermediates/manifest_merge_blame_file/release/manifest-merger-blame-release-report.txt
1<?xml version="1.0" encoding="utf-8"?>
2<manifest xmlns:android="http://schemas.android.com/apk/res/android"
3    package="com.niyazino"
4    android:versionCode="3"
5    android:versionName="0.0.2" >
6
7    <uses-sdk
8        android:minSdkVersion="21"
8-->src/main/AndroidManifest.xml
9        android:targetSdkVersion="33" />
9-->src/main/AndroidManifest.xml
10
11    <uses-permission android:name="android.permission.INTERNET" />
11-->src/main/AndroidManifest.xml:3:5-67
11-->src/main/AndroidManifest.xml:3:22-64
12
13    <application
13-->src/main/AndroidManifest.xml:5:5-27:19
14        android:name="com.niyazino.MainApplication"
14-->src/main/AndroidManifest.xml:6:9-40
15        android:allowBackup="false"
15-->src/main/AndroidManifest.xml:7:9-36
16        android:appComponentFactory="androidx.core.app.CoreComponentFactory"
16-->[androidx.core:core:1.7.0] AndroidManifest.xml:24:18-86
17        android:icon="@mipmap/ic_launcher"
17-->src/main/AndroidManifest.xml:8:9-43
18        android:label="@string/app_name"
18-->src/main/AndroidManifest.xml:9:9-41
19        android:layoutDirection="rtl"
19-->src/main/AndroidManifest.xml:10:9-38
20        android:roundIcon="@mipmap/ic_launcher_round"
20-->src/main/AndroidManifest.xml:11:9-54
21        android:supportsRtl="true"
21-->src/main/AndroidManifest.xml:12:9-35
22        android:theme="@style/AppTheme"
22-->src/main/AndroidManifest.xml:13:9-40
23        android:usesCleartextTraffic="true" >
23-->src/main/AndroidManifest.xml:14:9-44
24        <activity
24-->src/main/AndroidManifest.xml:15:9-26:20
25            android:name="com.niyazino.MainActivity"
25-->src/main/AndroidManifest.xml:16:13-41
26            android:configChanges="keyboard|keyboardHidden|orientation|screenLayout|screenSize|smallestScreenSize|uiMode"
26-->src/main/AndroidManifest.xml:17:13-122
27            android:exported="true"
27-->src/main/AndroidManifest.xml:18:13-36
28            android:label="@string/app_name"
28-->src/main/AndroidManifest.xml:19:13-45
29            android:launchMode="singleTask"
29-->src/main/AndroidManifest.xml:20:13-44
30            android:windowSoftInputMode="adjustResize" >
30-->src/main/AndroidManifest.xml:21:13-55
31            <intent-filter>
31-->src/main/AndroidManifest.xml:22:13-25:29
32                <action android:name="android.intent.action.MAIN" />
32-->src/main/AndroidManifest.xml:23:17-69
32-->src/main/AndroidManifest.xml:23:25-66
33
34                <category android:name="android.intent.category.LAUNCHER" />
34-->src/main/AndroidManifest.xml:24:17-77
34-->src/main/AndroidManifest.xml:24:27-74
35            </intent-filter>
36        </activity>
37
38        <provider
38-->[:react-native-image-picker] AndroidManifest.xml:10:9-18:20
39            android:name="com.imagepicker.ImagePickerProvider"
39-->[:react-native-image-picker] AndroidManifest.xml:11:13-63
40            android:authorities="com.niyazino.imagepickerprovider"
40-->[:react-native-image-picker] AndroidManifest.xml:12:13-71
41            android:exported="false"
41-->[:react-native-image-picker] AndroidManifest.xml:13:13-37
42            android:grantUriPermissions="true" >
42-->[:react-native-image-picker] AndroidManifest.xml:14:13-47
43            <meta-data
43-->[:react-native-image-picker] AndroidManifest.xml:15:13-17:70
44                android:name="android.support.FILE_PROVIDER_PATHS"
44-->[:react-native-image-picker] AndroidManifest.xml:16:17-67
45                android:resource="@xml/imagepicker_provider_paths" />
45-->[:react-native-image-picker] AndroidManifest.xml:17:17-67
46        </provider>
47        <provider
47-->[androidx.emoji2:emoji2:1.0.0] AndroidManifest.xml:26:9-34:20
48            android:name="androidx.startup.InitializationProvider"
48-->[androidx.emoji2:emoji2:1.0.0] AndroidManifest.xml:27:13-67
49            android:authorities="com.niyazino.androidx-startup"
49-->[androidx.emoji2:emoji2:1.0.0] AndroidManifest.xml:28:13-68
50            android:exported="false" >
50-->[androidx.emoji2:emoji2:1.0.0] AndroidManifest.xml:29:13-37
51            <meta-data
51-->[androidx.emoji2:emoji2:1.0.0] AndroidManifest.xml:31:13-33:52
52                android:name="androidx.emoji2.text.EmojiCompatInitializer"
52-->[androidx.emoji2:emoji2:1.0.0] AndroidManifest.xml:32:17-75
53                android:value="androidx.startup" />
53-->[androidx.emoji2:emoji2:1.0.0] AndroidManifest.xml:33:17-49
54            <meta-data
54-->[androidx.lifecycle:lifecycle-process:2.4.0] AndroidManifest.xml:31:13-33:52
55                android:name="androidx.lifecycle.ProcessLifecycleInitializer"
55-->[androidx.lifecycle:lifecycle-process:2.4.0] AndroidManifest.xml:32:17-78
56                android:value="androidx.startup" />
56-->[androidx.lifecycle:lifecycle-process:2.4.0] AndroidManifest.xml:33:17-49
57        </provider>
58    </application>
59
60</manifest>